<?xml version="1.0" encoding="UTF-8"?>
<!-- Generated by org.testng.reporters.JUnitReportReporter -->
<testsuite hostname="Sumit" failures="0" tests="1" name="scripts.test3" time="0.002" errors="0" timestamp="2022-11-05T13:45:24 IST" skipped="0">
  <testcase classname="scripts.test3" name="tc3" time="0.002"/>
  <system-out>
    <![CDATA[hello Api]]>
  </system-out>
</testsuite> <!-- scripts.test3 -->
