<?xml version="1.0" encoding="UTF-8"?>
<!-- Generated by org.testng.reporters.JUnitReportReporter -->
<testsuite hostname="Sumit" failures="0" tests="1" name="scripts.test0" time="0.041" errors="0" timestamp="2022-11-05T13:45:24 IST" skipped="0">
  <testcase classname="scripts.test0" name="tc" time="0.041"/>
  <system-out>
    <![CDATA[hello java]]>
  </system-out>
</testsuite> <!-- scripts.test0 -->
